<?xml version="1.0" encoding="UTF-8"?>
<testng-results ignored="0" total="2" passed="2" failed="0" skipped="0">
  <reporter-output>
  </reporter-output>
  <suite started-at="2025-05-08T17:48:40 IST" name="Default suite" finished-at="2025-05-08T17:49:05 IST" duration-ms="24726">
    <groups>
    </groups>
    <test started-at="2025-05-08T17:48:40 IST" name="Default test" finished-at="2025-05-08T17:49:05 IST" duration-ms="24726">
      <class name="practice.Login">
        <test-method signature="setUp()[pri:0, instance:practice.Login@2a265ea9]" started-at="2025-05-08T17:48:40 IST" name="setUp" finished-at="2025-05-08T17:48:51 IST" duration-ms="10501" status="PASS">
          <reporter-output>
          </reporter-output>
        </test-method> <!-- setUp -->
        <test-method signature="setUp1()[pri:0, instance:practice.Login@2a265ea9]" started-at="2025-05-08T17:48:51 IST" name="setUp1" finished-at="2025-05-08T17:49:05 IST" duration-ms="14140" status="PASS">
          <reporter-output>
          </reporter-output>
        </test-method> <!-- setUp1 -->
      </class> <!-- practice.Login -->
    </test> <!-- Default test -->
  </suite> <!-- Default suite -->
</testng-results>
