<?xml version="1.0" encoding="UTF-8"?>
<!-- Generated by org.testng.reporters.JUnitXMLReporter -->
<testsuite ignored="0" hostname="LTIN593322" failures="1" tests="2" name="Test" time="16.643" errors="0" timestamp="2025-05-08T17:44:33 IST">
  <testcase classname="practice.Login" name="setUp1" time="3.336">
    <failure type="org.openqa.selenium.remote.NoSuchDriverException" message="Unable to obtain: geckodriver, error Command failed with code: 65, executed: [--browser, firefox, --language-binding, java, --output, json]
Unsuccessful response (403 Forbidden) for URL https://ftp.mozilla.org/pub/firefox/releases/138.0.1/win64/en-US/Firefox%20Setup%20138.0.1.exe
Build info: version: &amp;apos;4.29.0&amp;apos;, revision: &amp;apos;5fc1ec94cb&amp;apos;
System info: os.name: &amp;apos;Windows 11&amp;apos;, os.arch: &amp;apos;amd64&amp;apos;, os.version: &amp;apos;10.0&amp;apos;, java.version: &amp;apos;17.0.7&amp;apos;
Driver info: driver.version: FirefoxDriver">
      <![CDATA[org.openqa.selenium.remote.NoSuchDriverException: Unable to obtain: geckodriver, error Command failed with code: 65, executed: [--browser, firefox, --language-binding, java, --output, json]
Unsuccessful response (403 Forbidden) for URL https://ftp.mozilla.org/pub/firefox/releases/138.0.1/win64/en-US/Firefox%20Setup%20138.0.1.exe
Build info: version: '4.29.0', revision: '5fc1ec94cb'
System info: os.name: 'Windows 11', os.arch: 'amd64', os.version: '10.0', java.version: '17.0.7'
Driver info: driver.version: FirefoxDriver
at org.openqa.selenium.remote.service.DriverFinder.getBinaryPaths(DriverFinder.java:121)
at org.openqa.selenium.remote.service.DriverFinder.getDriverPath(DriverFinder.java:55)
at org.openqa.selenium.firefox.FirefoxDriver.generateExecutor(FirefoxDriver.java:128)
at org.openqa.selenium.firefox.FirefoxDriver.<init>(FirefoxDriver.java:119)
at org.openqa.selenium.firefox.FirefoxDriver.<init>(FirefoxDriver.java:114)
at org.openqa.selenium.firefox.FirefoxDriver.<init>(FirefoxDriver.java:99)
at org.openqa.selenium.firefox.FirefoxDriver.<init>(FirefoxDriver.java:89)
at practice.Login.setUp1(Login.java:25)
at java.base/java.util.concurrent.Executors$RunnableAdapter.call(Executors.java:539)
at java.base/java.util.concurrent.FutureTask.run(FutureTask.java:264)
at java.base/java.util.concurrent.ThreadPoolExecutor.runWorker(ThreadPoolExecutor.java:1136)
at java.base/java.util.concurrent.ThreadPoolExecutor$Worker.run(ThreadPoolExecutor.java:635)
at java.base/java.lang.Thread.run(Thread.java:833)
Caused by: org.openqa.selenium.WebDriverException: Command failed with code: 65, executed: [--browser, firefox, --language-binding, java, --output, json]
Unsuccessful response (403 Forbidden) for URL https://ftp.mozilla.org/pub/firefox/releases/138.0.1/win64/en-US/Firefox%20Setup%20138.0.1.exe
Build info: version: '4.29.0', revision: '5fc1ec94cb'
System info: os.name: 'Windows 11', os.arch: 'amd64', os.version: '10.0', java.version: '17.0.7'
Driver info: driver.version: FirefoxDriver
at org.openqa.selenium.manager.SeleniumManager.runCommand(SeleniumManager.java:173)
at org.openqa.selenium.manager.SeleniumManager.getBinaryPaths(SeleniumManager.java:254)
at org.openqa.selenium.remote.service.DriverFinder.getBinaryPaths(DriverFinder.java:102)
... 25 more
... Removed 13 stack frames]]>
    </failure>
  </testcase> <!-- setUp1 -->
  <testcase classname="practice.Login" name="setUp" time="7.262"/>
</testsuite> <!-- Test -->
