<?xml version="1.0" encoding="UTF-8"?>
<testng-results ignored="0" total="0" passed="0" failed="0" skipped="0">
  <reporter-output>
  </reporter-output>
  <suite started-at="2025-05-09T10:39:14 IST" name="Suite" finished-at="2025-05-09T10:39:15 IST" duration-ms="134">
    <groups>
    </groups>
    <test started-at="2025-05-09T10:39:14 IST" name="ChromeTest" finished-at="2025-05-09T10:39:14 IST" duration-ms="13">
    </test> <!-- ChromeTest -->
    <test started-at="2025-05-09T10:39:15 IST" name="FirfoxTest" finished-at="2025-05-09T10:39:15 IST" duration-ms="1">
    </test> <!-- FirfoxTest -->
    <test started-at="2025-05-09T10:39:15 IST" name="EdgeTest" finished-at="2025-05-09T10:39:15 IST" duration-ms="1">
    </test> <!-- EdgeTest -->
  </suite> <!-- Suite -->
</testng-results>
